2026-04-21T00:06:09.590+07:00  INFO 9872 --- [Ss12] [restartedMain] re.ss12.Ss12Application                  : Starting Ss12Application using Java 17.0.18 with PID 9872 (C:\Users\Admin\IdeaProjects\SpringBoot\Ss12\build\classes\java\main started by Admin in C:\Users\Admin\IdeaProjects\SpringBoot\Ss12)
2026-04-21T00:06:09.595+07:00  INFO 9872 --- [Ss12] [restartedMain] re.ss12.Ss12Application                  : No active profile set, falling back to 1 default profile: "default"
2026-04-21T00:06:09.637+07:00  INFO 9872 --- [Ss12] [restartedMain] .e.DevToolsPropertyDefaultsPostProcessor : Devtools property defaults active! Set 'spring.devtools.add-properties' to 'false' to disable
2026-04-21T00:06:09.637+07:00  INFO 9872 --- [Ss12] [restartedMain] .e.DevToolsPropertyDefaultsPostProcessor : For additional web related logging consider setting the 'logging.level.web' property to 'DEBUG'
2026-04-21T00:06:10.501+07:00  INFO 9872 --- [Ss12] [restartedMain] .s.d.r.c.RepositoryConfigurationDelegate : Bootstrapping Spring Data JPA repositories in DEFAULT mode.
2026-04-21T00:06:10.551+07:00  INFO 9872 --- [Ss12] [restartedMain] .s.d.r.c.RepositoryConfigurationDelegate : Finished Spring Data repository scanning in 40 ms. Found 1 JPA repository interface.
2026-04-21T00:06:11.072+07:00  INFO 9872 --- [Ss12] [restartedMain] o.s.boot.tomcat.TomcatWebServer          : Tomcat initialized with port 8080 (http)
2026-04-21T00:06:11.085+07:00  INFO 9872 --- [Ss12] [restartedMain] o.apache.catalina.core.StandardService   : Starting service [Tomcat]
2026-04-21T00:06:11.085+07:00  INFO 9872 --- [Ss12] [restartedMain] o.apache.catalina.core.StandardEngine    : Starting Servlet engine: [Apache Tomcat/11.0.20]
2026-04-21T00:06:11.145+07:00  INFO 9872 --- [Ss12] [restartedMain] b.w.c.s.WebApplicationContextInitializer : Root WebApplicationContext: initialization completed in 1507 ms
2026-04-21T00:06:11.946+07:00  INFO 9872 --- [Ss12] [restartedMain] o.s.o.j.p.SpringPersistenceUnitInfo      : No LoadTimeWeaver setup: ignoring JPA class transformer
2026-04-21T00:06:11.986+07:00  INFO 9872 --- [Ss12] [restartedMain] com.zaxxer.hikari.HikariDataSource       : HikariPool-1 - Starting...
2026-04-21T00:06:12.237+07:00  INFO 9872 --- [Ss12] [restartedMain] com.zaxxer.hikari.pool.HikariPool        : HikariPool-1 - Added connection org.postgresql.jdbc.PgConnection@5f967c97
2026-04-21T00:06:12.239+07:00  INFO 9872 --- [Ss12] [restartedMain] com.zaxxer.hikari.HikariDataSource       : HikariPool-1 - Start completed.
2026-04-21T00:06:13.455+07:00  INFO 9872 --- [Ss12] [restartedMain] j.LocalContainerEntityManagerFactoryBean : Initialized JPA EntityManagerFactory for persistence unit 'default'
2026-04-21T00:06:13.540+07:00  INFO 9872 --- [Ss12] [restartedMain] o.s.d.j.r.query.QueryEnhancerFactories   : Hibernate is in classpath; If applicable, HQL parser will be used.
2026-04-21T00:06:14.423+07:00  WARN 9872 --- [Ss12] [restartedMain] JpaBaseConfiguration$JpaWebConfiguration : spring.jpa.open-in-view is enabled by default. Therefore, database queries may be performed during view rendering. Explicitly configure spring.jpa.open-in-view to disable this warning
2026-04-21T00:06:14.902+07:00  INFO 9872 --- [Ss12] [restartedMain] o.s.boot.tomcat.TomcatWebServer          : Tomcat started on port 8080 (http) with context path '/'
2026-04-21T00:06:14.914+07:00  INFO 9872 --- [Ss12] [restartedMain] re.ss12.Ss12Application                  : Started Ss12Application in 5.757 seconds (process running for 6.652)
2026-04-21T00:06:14.918+07:00  WARN 9872 --- [Ss12] [restartedMain] o.s.core.events.SpringDocAppInitializer  : SpringDoc /v3/api-docs endpoint is enabled by default. To disable it in production, set the property 'springdoc.api-docs.enabled=false'
2026-04-21T00:06:14.918+07:00  WARN 9872 --- [Ss12] [restartedMain] o.s.core.events.SpringDocAppInitializer  : SpringDoc /swagger-ui.html endpoint is enabled by default. To disable it in production, set the property 'springdoc.swagger-ui.enabled=false'
2026-04-21T00:07:26.589+07:00  INFO 9872 --- [Ss12] [http-nio-8080-exec-2] o.a.c.c.C.[Tomcat].[localhost].[/]       : Initializing Spring DispatcherServlet 'dispatcherServlet'
2026-04-21T00:07:26.590+07:00  INFO 9872 --- [Ss12] [http-nio-8080-exec-2] o.s.web.servlet.DispatcherServlet        : Initializing Servlet 'dispatcherServlet'
2026-04-21T00:07:26.593+07:00  INFO 9872 --- [Ss12] [http-nio-8080-exec-2] o.s.web.servlet.DispatcherServlet        : Completed initialization in 2 ms
2026-04-21T00:07:26.925+07:00  WARN 9872 --- [Ss12] [http-nio-8080-exec-2] .m.m.a.ExceptionHandlerExceptionResolver : Resolved [org.springframework.web.bind.MethodArgumentNotValidException: Validation failed for argument [0] in public org.springframework.http.ResponseEntity<?> re.ss12.Controller.SuppliesController.createSupplies(re.ss12.model.dto.request.SuppliesCreateDTO) with 3 errors: [Field error in object 'suppliesCreateDTO' on field 'price': rejected value [null]; codes [NotNull.suppliesCreateDTO.price,NotNull.price,NotNull.java.lang.Double,NotNull]; arguments [org.springframework.context.support.DefaultMessageSourceResolvable: codes [suppliesCreateDTO.price,price]; arguments []; default message [price]]; default message [Giá không được để trống]] [Field error in object 'suppliesCreateDTO' on field 'code': rejected value [null]; codes [NotBlank.suppliesCreateDTO.code,NotBlank.code,NotBlank.java.lang.String,NotBlank]; arguments [org.springframework.context.support.DefaultMessageSourceResolvable: codes [suppliesCreateDTO.code,code]; arguments []; default message [code]]; default message [Mã vật tư không được để trống]] [Field error in object 'suppliesCreateDTO' on field 'name': rejected value [null]; codes [NotBlank.suppliesCreateDTO.name,NotBlank.name,NotBlank.java.lang.String,NotBlank]; arguments [org.springframework.context.support.DefaultMessageSourceResolvable: codes [suppliesCreateDTO.name,name]; arguments []; default message [name]]; default message [Tên vật tư không được để trống]] ]
2026-04-21T00:08:38.901+07:00  WARN 9872 --- [Ss12] [http-nio-8080-exec-4] .m.m.a.ExceptionHandlerExceptionResolver : Resolved [org.springframework.web.bind.MethodArgumentNotValidException: Validation failed for argument [0] in public org.springframework.http.ResponseEntity<?> re.ss12.Controller.SuppliesController.createSupplies(re.ss12.model.dto.request.SuppliesCreateDTO) with 2 errors: [Field error in object 'suppliesCreateDTO' on field 'price': rejected value [null]; codes [NotNull.suppliesCreateDTO.price,NotNull.price,NotNull.java.lang.Double,NotNull]; arguments [org.springframework.context.support.DefaultMessageSourceResolvable: codes [suppliesCreateDTO.price,price]; arguments []; default message [price]]; default message [Giá không được để trống]] [Field error in object 'suppliesCreateDTO' on field 'code': rejected value [null]; codes [NotBlank.suppliesCreateDTO.code,NotBlank.code,NotBlank.java.lang.String,NotBlank]; arguments [org.springframework.context.support.DefaultMessageSourceResolvable: codes [suppliesCreateDTO.code,code]; arguments []; default message [code]]; default message [Mã vật tư không được để trống]] ]
2026-04-21T00:12:20.542+07:00  INFO 9872 --- [Ss12] [SpringApplicationShutdownHook] o.s.boot.tomcat.GracefulShutdown         : Commencing graceful shutdown. Waiting for active requests to complete
2026-04-21T00:12:20.779+07:00  INFO 9872 --- [Ss12] [tomcat-shutdown] o.s.boot.tomcat.GracefulShutdown         : Graceful shutdown complete
2026-04-21T00:12:20.783+07:00  INFO 9872 --- [Ss12] [SpringApplicationShutdownHook] j.LocalContainerEntityManagerFactoryBean : Closing JPA EntityManagerFactory for persistence unit 'default'
2026-04-21T00:12:20.786+07:00  INFO 9872 --- [Ss12] [SpringApplicationShutdownHook] com.zaxxer.hikari.HikariDataSource       : HikariPool-1 - Shutdown initiated...
2026-04-21T00:12:20.788+07:00  INFO 9872 --- [Ss12] [SpringApplicationShutdownHook] com.zaxxer.hikari.HikariDataSource       : HikariPool-1 - Shutdown completed.
